Warp 1.14.0 initialized:
   CUDA Toolkit 12.9, Driver 13.0
   Devices:
     "cpu"      : "x86_64"
     "cuda:0"   : "NVIDIA GeForce RTX 4090 D" (24 GiB, sm_89, mempool enabled)
   Kernel cache:
     /home/exuber/.cache/warp/1.14.0
parsed 50 datasets from data.md

===== Figure 18b  (LIFT) — 3 conditions =====
  cond '6m/s' (sweep=freq, U=6.0 aoa=5.0 freq=2.0 twist0=0.0):
Module diff_uvlm_unsteady_gpu 6b6a8ca load on device 'cuda:0' took 1.93 ms  (cached)
Module fluxvortex.warp_fsi.batched_solver 8b4b566 load on device 'cuda:0' took 0.92 ms  (cached)
     freq=   1.4: paper= +3.81N  mine= +0.71N  ratio=+0.19
     freq=   1.7: paper= +3.87N  mine= +0.70N  ratio=+0.18
     freq=   2.3: paper= +3.92N  mine= +0.71N  ratio=+0.18
     freq=   2.6: paper= +3.87N  mine= +0.71N  ratio=+0.18
  cond '8m/s' (sweep=freq, U=8.0 aoa=5.0 freq=2.0 twist0=0.0):
     freq=   1.4: paper= +6.14N  mine= +1.26N  ratio=+0.20
     freq=   1.7: paper= +6.77N  mine= +1.25N  ratio=+0.19
     freq=   2.3: paper= +7.79N  mine= +1.25N  ratio=+0.16
     freq=   2.6: paper= +7.73N  mine= +1.25N  ratio=+0.16
  cond '10m/s' (sweep=freq, U=10.0 aoa=5.0 freq=2.0 twist0=0.0):
     freq=   1.4: paper= +8.64N  mine= +1.96N  ratio=+0.23
     freq=   1.7: paper= +9.38N  mine= +1.96N  ratio=+0.21
     freq=   2.3: paper=+10.92N  mine= +1.96N  ratio=+0.18
     freq=   2.6: paper=+11.37N  mine= +1.96N  ratio=+0.17

===== Figure 19b  (LIFT) — 4 conditions =====
  cond '0度' (sweep=freq, U=8.0 aoa=0.0 freq=2.0 twist0=0.0):
     freq=   1.4: paper= +2.88N  mine= +0.00N  ratio=+0.00
     freq=   1.7: paper= +2.88N  mine= -0.00N  ratio=-0.00
     freq=   2.3: paper= +2.90N  mine= +0.00N  ratio=+0.00
     freq=   2.6: paper= +2.95N  mine= -0.00N  ratio=-0.00
  cond '5度' (sweep=freq, U=8.0 aoa=5.0 freq=2.0 twist0=0.0):
     freq=   1.4: paper= +6.15N  mine= +1.26N  ratio=+0.20
     freq=   1.7: paper= +6.78N  mine= +1.25N  ratio=+0.19
     freq=   2.3: paper= +7.80N  mine= +1.25N  ratio=+0.16
     freq=   2.6: paper= +7.82N  mine= +1.25N  ratio=+0.16
  cond '10度' (sweep=freq, U=8.0 aoa=10.0 freq=2.0 twist0=0.0):
     freq=   1.4: paper=+10.53N  mine= +2.53N  ratio=+0.24
     freq=   1.7: paper=+11.16N  mine= +2.53N  ratio=+0.23
     freq=   2.3: paper=+12.11N  mine= +2.52N  ratio=+0.21
     freq=   2.6: paper=+12.37N  mine= +2.53N  ratio=+0.20
  cond '15度' (sweep=freq, U=8.0 aoa=15.0 freq=2.0 twist0=0.0):
     freq=   1.4: paper=+12.88N  mine= +3.85N  ratio=+0.30
     freq=   1.7: paper=+13.41N  mine= +3.84N  ratio=+0.29
     freq=   2.3: paper=+14.27N  mine= +3.84N  ratio=+0.27
     freq=   2.6: paper=+15.15N  mine= +3.84N  ratio=+0.25

===== Figure 17b  (LIFT) — 5 conditions =====
  cond '1.4HZ' (sweep=twist, U=8.0 aoa=5.0 freq=1.4 twist0=0.0):
     twist=   0.0: paper= +7.43N  mine= +1.26N  ratio=+0.17
     twist=  15.0: paper= +7.67N  mine= +1.25N  ratio=+0.16
     twist=  27.6: paper= +6.27N  mine= +1.23N  ratio=+0.20
     twist=  45.0: paper= +5.80N  mine= +1.18N  ratio=+0.20
  cond '1.7HZ' (sweep=twist, U=8.0 aoa=5.0 freq=1.7 twist0=0.0):
     twist=   0.0: paper= +7.52N  mine= +1.25N  ratio=+0.17
     twist=  15.0: paper= +8.03N  mine= +1.25N  ratio=+0.16
     twist=  27.6: paper= +6.78N  mine= +1.23N  ratio=+0.18
     twist=  45.0: paper= +5.83N  mine= +1.18N  ratio=+0.20
  cond '2.0HZ' (sweep=twist, U=8.0 aoa=5.0 freq=2.0 twist0=0.0):
     twist=   0.0: paper= +7.58N  mine= +1.25N  ratio=+0.17
     twist=  15.0: paper= +8.38N  mine= +1.25N  ratio=+0.15
     twist=  27.4: paper= +7.28N  mine= +1.23N  ratio=+0.17
     twist=  45.0: paper= +5.92N  mine= +1.18N  ratio=+0.20
  cond '2.3HZ' (sweep=twist, U=8.0 aoa=5.0 freq=2.3 twist0=0.0):
     twist=   0.0: paper= +7.64N  mine= +1.25N  ratio=+0.16
     twist=  15.0: paper= +8.68N  mine= +1.25N  ratio=+0.14
     twist=  27.4: paper= +7.85N  mine= +1.23N  ratio=+0.16
     twist=  45.0: paper= +6.06N  mine= +1.18N  ratio=+0.20
  cond '2.6HZ' (sweep=twist, U=8.0 aoa=5.0 freq=2.6 twist0=0.0):
     twist=   0.0: paper= +7.70N  mine= +1.25N  ratio=+0.16
     twist=  15.0: paper= +8.80N  mine= +1.25N  ratio=+0.14
     twist=  27.6: paper= +7.97N  mine= +1.23N  ratio=+0.15
     twist=  45.0: paper= +7.08N  mine= +1.20N  ratio=+0.17

===== Figure 18a  (THRUST) — 3 conditions =====
  cond '6m/s' (sweep=freq, U=6.0 aoa=5.0 freq=2.0 twist0=0.0):
     freq=   1.4: paper= -3.17N  mine= +1.05N  ratio=-0.33
     freq=   1.7: paper= -2.99N  mine= +1.50N  ratio=-0.50
     freq=   2.3: paper= -2.28N  mine= +2.62N  ratio=-1.15
     freq=   2.6: paper= -1.80N  mine= +3.29N  ratio=-1.83
  cond '8m/s' (sweep=freq, U=8.0 aoa=5.0 freq=2.0 twist0=0.0):
     freq=   1.4: paper= -2.28N  mine= +1.11N  ratio=-0.49
     freq=   1.7: paper= -1.92N  mine= +1.57N  ratio=-0.82
     freq=   2.3: paper= -1.08N  mine= +2.73N  ratio=-2.53
     freq=   2.6: paper= -0.54N  mine= +3.43N  ratio=-6.32
  cond '10m/s' (sweep=freq, U=10.0 aoa=5.0 freq=2.0 twist0=0.0):
     freq=   1.4: paper= -1.14N  mine= +1.18N  ratio=-1.03
     freq=   1.7: paper= -0.75N  mine= +1.65N  ratio=-2.19
     freq=   2.3: paper= +0.20N  mine= +2.83N  ratio=+13.86
     freq=   2.6: paper= +0.74N  mine= +3.55N  ratio=+4.78

===== Figure 19a  (THRUST) — 4 conditions =====
  cond '15度' (sweep=freq, U=8.0 aoa=15.0 freq=2.0 twist0=0.0):
     freq=   1.4: paper= -3.79N  mine= +2.04N  ratio=-0.54
     freq=   1.7: paper= -3.64N  mine= +2.50N  ratio=-0.69
     freq=   2.3: paper= -3.15N  mine= +3.66N  ratio=-1.16
     freq=   2.6: paper= -2.93N  mine= +4.36N  ratio=-1.49
  cond '10度' (sweep=freq, U=8.0 aoa=10.0 freq=2.0 twist0=0.0):
     freq=   1.4: paper= -2.94N  mine= +1.45N  ratio=-0.49
     freq=   1.7: paper= -2.79N  mine= +1.91N  ratio=-0.68
     freq=   2.3: paper= -2.10N  mine= +3.08N  ratio=-1.46
     freq=   2.6: paper= -1.65N  mine= +3.78N  ratio=-2.29
  cond '5度' (sweep=freq, U=8.0 aoa=5.0 freq=2.0 twist0=0.0):
     freq=   1.4: paper= -2.29N  mine= +1.11N  ratio=-0.48
     freq=   1.7: paper= -1.92N  mine= +1.57N  ratio=-0.82
     freq=   2.3: paper= -1.07N  mine= +2.73N  ratio=-2.56
     freq=   2.6: paper= -0.55N  mine= +3.43N  ratio=-6.23
  cond '0度' (sweep=freq, U=8.0 aoa=0.0 freq=2.0 twist0=0.0):
     freq=   1.4: paper= -1.41N  mine= +1.00N  ratio=-0.71
     freq=   1.7: paper= -1.00N  mine= +1.46N  ratio=-1.47
     freq=   2.3: paper= -0.05N  mine= +2.63N  ratio=-48.52
     freq=   2.6: paper= +0.51N  mine= +3.32N  ratio=+6.45

===== Figure 17a  (THRUST) — 5 conditions =====
  cond '1.4HZ' (sweep=twist, U=8.0 aoa=5.0 freq=1.4 twist0=0.0):
     twist=   0.0: paper= -2.04N  mine= +1.11N  ratio=-0.54
     twist=  15.0: paper= -2.16N  mine= +1.44N  ratio=-0.66
     twist=  27.4: paper= -2.66N  mine= +1.67N  ratio=-0.63
     twist=  44.8: paper= -3.10N  mine= +1.93N  ratio=-0.62
  cond '1.7HZ' (sweep=twist, U=8.0 aoa=5.0 freq=1.7 twist0=0.0):
     twist=   0.0: paper= -1.98N  mine= +1.57N  ratio=-0.79
     twist=  15.0: paper= -1.91N  mine= +1.96N  ratio=-1.03
     twist=  27.4: paper= -2.30N  mine= +2.23N  ratio=-0.97
     twist=  44.8: paper= -2.97N  mine= +2.52N  ratio=-0.85
  cond '2.0HZ' (sweep=twist, U=8.0 aoa=5.0 freq=2.0 twist0=0.0):
     twist=   0.0: paper= -1.93N  mine= +2.11N  ratio=-1.10
     twist=  15.0: paper= -1.57N  mine= +2.55N  ratio=-1.63
     twist=  27.4: paper= -1.89N  mine= +2.85N  ratio=-1.51
     twist=  45.0: paper= -2.81N  mine= +3.17N  ratio=-1.13
  cond '2.3HZ' (sweep=twist, U=8.0 aoa=5.0 freq=2.3 twist0=0.0):
     twist=   0.0: paper= -1.81N  mine= +2.73N  ratio=-1.51
     twist=  15.0: paper= -1.16N  mine= +3.22N  ratio=-2.78
     twist=  27.6: paper= -1.41N  mine= +3.55N  ratio=-2.51
     twist=  45.0: paper= -2.47N  mine= +3.87N  ratio=-1.57
  cond '2.6HZ' (sweep=twist, U=8.0 aoa=5.0 freq=2.6 twist0=0.0):
     twist=   0.0: paper= -1.64N  mine= +3.43N  ratio=-2.10
     twist=  15.0: paper= -0.76N  mine= +3.95N  ratio=-5.18
     twist=  27.4: paper= -0.85N  mine= +4.30N  ratio=-5.06
     twist=  45.0: paper= -1.75N  mine= +4.63N  ratio=-2.64

===== SUMMARY =====
  LIFT: 48 pts, mean ratio mine/paper = +0.18 (range -0.00..+0.30)
  THRUST: 48 pts, mean ratio mine/paper = -1.11 (range -48.52..+13.86)
DONE
