PHYSICAL params (light wing rho~135, m_wing~40g, resonance E):
  OLD rho=1200 m=80g E=50G (loose)  : DIVERGE@19 (m_struct=355g W=4.5N max|z_w|=3.70e+03)
  PHYS rho=135 m=40g E=50G loose    : DIVERGE@10 (m_struct=40g W=3.7N max|z_w|=3.96e+00)
  PHYS rho=135 m=40g E=30G loose    : DIVERGE@10 (m_struct=40g W=3.7N max|z_w|=2.44e+00)
/home/exuber/anaconda3/lib/python3.11/site-packages/numpy/linalg/_linalg.py:2768: RuntimeWarning: overflow encountered in dot
  sqnorm = x.dot(x)
/home/exuber/CODE/CORE/pythonProject1/AUTORESEARCH/FLUXV/src/fluxvortex/ancf_shell.py:583: RuntimeWarning: overflow encountered in multiply
  Q_mem_e += w * (deps0 * Dm_eps[0] + deps1 * Dm_eps[1] + deps2 * Dm_eps[2])
/home/exuber/CODE/CORE/pythonProject1/AUTORESEARCH/FLUXV/src/fluxvortex/ancf_shell.py:583: RuntimeWarning: invalid value encountered in add
  Q_mem_e += w * (deps0 * Dm_eps[0] + deps1 * Dm_eps[1] + deps2 * Dm_eps[2])
/home/exuber/CODE/CORE/pythonProject1/AUTORESEARCH/FLUXV/src/fluxvortex/ancf_shell.py:583: RuntimeWarning: overflow encountered in add
  Q_mem_e += w * (deps0 * Dm_eps[0] + deps1 * Dm_eps[1] + deps2 * Dm_eps[2])
/home/exuber/CODE/CORE/pythonProject1/AUTORESEARCH/FLUXV/src/fluxvortex/ancf_shell.py:620: RuntimeWarning: invalid value encountered in add
  Q_mem[dofs] += Qm_e
/home/exuber/CODE/CORE/pythonProject1/AUTORESEARCH/FLUXV/src/fluxvortex/ancf_shell.py:852: MatrixRankWarning: Matrix is exactly singular
  A1_inv_A2Xn = spsolve(A1, A2Xn)
/home/exuber/CODE/CORE/pythonProject1/AUTORESEARCH/FLUXV/src/fluxvortex/ancf_shell.py:853: MatrixRankWarning: Matrix is exactly singular
  X_p1_free = A1_inv_A2Xn + dt * spsolve(A1, rhs0)
/home/exuber/CODE/CORE/pythonProject1/AUTORESEARCH/FLUXV/src/fluxvortex/ancf_shell.py:869: MatrixRankWarning: Matrix is exactly singular
  X_new_free = A1_inv_A2Xn + dt * spsolve(A1, rhs1)
  PHYS rho=135 m=40g E=50G strong   : DIVERGE@2 (m_struct=40g W=3.7N max|z_w|=3.22e+00)
DONE
