================================================================================
Goland Wing Flutter Sweep
  EI=9.77e+06, GJ=9.88e+05
  m=35.72, Ip=4.98
  x_ea_cg=0.1829m
  dt=0.003s, num_chords=100
================================================================================
  V= 80 m/s ... stable (σ_w=-0.628, σ_θ=-0.026, 17.5s)
  V=100 m/s ... stable (σ_w=-0.899, σ_θ=-0.002, 11.3s)
  V=110 m/s ... stable (σ_w=-0.708, σ_θ=+0.024, 9.4s)
  V=120 m/s ... stable (σ_w=-0.249, σ_θ=+0.031, 8.1s)
  V=130 m/s ... stable (σ_w=-0.101, σ_θ=+0.024, 7.0s)
  V=140 m/s ... stable (σ_w=-0.037, σ_θ=-0.006, 6.1s)
  V=160 m/s ... FLUTTER (σ_w=+0.794, σ_θ=-0.048, 4.8s)
  V=180 m/s ... FLUTTER (σ_w=+1.413, σ_θ=-0.038, 3.9s)

  Refining σ_w=0 crossing between V=140 and V=160 m/s ...
  V=144 m/s ... FLUTTER (σ_w=+0.564, σ_θ=+0.008, 5.8s)
  V=148 m/s ... FLUTTER (σ_w=+0.225, σ_θ=-0.065, 5.6s)
  V=152 m/s ... FLUTTER (σ_w=+0.490, σ_θ=-0.059, 5.3s)
  V=156 m/s ... FLUTTER (σ_w=+0.483, σ_θ=-0.053, 5.0s)

================================================================================
FLUTTER SWEEP RESULTS
================================================================================
     V (m/s)    σ_w (1/s)    σ_θ (1/s)     Status
  ────────── ──────────── ──────────── ──────────
          80      -0.6281      -0.0264     stable
         100      -0.8993      -0.0016     stable
         110      -0.7080      +0.0239     stable
         120      -0.2492      +0.0314     stable
         130      -0.1011      +0.0243     stable
         140      -0.0368      -0.0057     stable
         144      +0.5641      +0.0082    FLUTTER
         148      +0.2246      -0.0645    FLUTTER
         152      +0.4895      -0.0590    FLUTTER
         156      +0.4830      -0.0532    FLUTTER
         160      +0.7941      -0.0483    FLUTTER
         180      +1.4130      -0.0375    FLUTTER

  Predicted flutter speed: 140.2 m/s
  Reference (Goland & Luke): ~137.0 m/s
  Error: 2.4%
================================================================================
